c:\qt\qt_project\mspaint\win32\debug\vc120.pdb
c:\qt\qt_project\mspaint\win32\debug\shap.obj
c:\qt\qt_project\mspaint\win32\debug\paintshap.obj
c:\qt\qt_project\mspaint\win32\debug\mainwindow.obj
c:\qt\qt_project\mspaint\win32\debug\main.obj
c:\qt\qt_project\mspaint\win32\debug\lines.obj
c:\qt\qt_project\mspaint\win32\debug\moc_paintshap.obj
c:\qt\qt_project\mspaint\win32\debug\moc_mainwindow.obj
c:\qt\qt_project\mspaint\win32\debug\qrc_res.obj
c:\qt\qt_project\mspaint\win32\debug\rect.obj
c:\qt\qt_project\mspaint\win32\debug\line.obj
c:\qt\qt_project\mspaint\win32\debug\ellipse.obj
c:\qt\qt_project\mspaint\generatedfiles\ui_mainwindow.h
c:\qt\qt_project\mspaint\generatedfiles\qrc_res.cpp
c:\qt\qt_project\mspaint\debug\moc_mainwindow.cpp
c:\qt\qt_project\mspaint\debug\moc_paintshap.cpp
c:\qt\qt_project\mspaint\win32\debug\mspaint.tlog\cl.command.1.tlog
c:\qt\qt_project\mspaint\win32\debug\mspaint.tlog\cl.read.1.tlog
c:\qt\qt_project\mspaint\win32\debug\mspaint.tlog\cl.write.1.tlog
c:\qt\qt_project\mspaint\win32\debug\mspaint.tlog\custombuild.command.1.tlog
c:\qt\qt_project\mspaint\win32\debug\mspaint.tlog\custombuild.read.1.tlog
c:\qt\qt_project\mspaint\win32\debug\mspaint.tlog\custombuild.write.1.tlog
c:\qt\qt_project\mspaint\win32\debug\mspaint.tlog\link.23496-cvtres.read.1.tlog
c:\qt\qt_project\mspaint\win32\debug\mspaint.tlog\link.23496-cvtres.write.1.tlog
c:\qt\qt_project\mspaint\win32\debug\mspaint.tlog\link.23496-rc.read.1.tlog
c:\qt\qt_project\mspaint\win32\debug\mspaint.tlog\link.23496-rc.write.1.tlog
c:\qt\qt_project\mspaint\win32\debug\mspaint.tlog\link.23496.read.1.tlog
c:\qt\qt_project\mspaint\win32\debug\mspaint.tlog\link.23496.write.1.tlog
c:\qt\qt_project\mspaint\win32\debug\mspaint.tlog\link.command.1.tlog
c:\qt\qt_project\mspaint\win32\debug\mspaint.tlog\link.read.1.tlog
c:\qt\qt_project\mspaint\win32\debug\mspaint.tlog\link.write.1.tlog
